<?xml version="1.0" encoding="UTF-8"?>
<!-- Generated by org.testng.reporters.JUnitReportReporter -->
<testsuite skipped="0" hostname="SADIST" name="org.test.adactin.Test2" tests="1" failures="0" timestamp="14 Mar 2021 06:35:29 GMT" time="0.020" errors="0">
  <testcase name="tc33" time="0.020" classname="org.test.adactin.Test2"/>
</testsuite> <!-- org.test.adactin.Test2 -->
