<?xml version="1.0" encoding="UTF-8"?>
<!-- Generated by org.testng.reporters.JUnitReportReporter -->
<testsuite skipped="0" hostname="SADIST" name="org.test.adactin.Test1" tests="2" failures="0" timestamp="14 Mar 2021 06:35:29 GMT" time="0.011" errors="0">
  <testcase name="tc1" time="0.004" classname="org.test.adactin.Test1"/>
  <testcase name="tc2" time="0.007" classname="org.test.adactin.Test1"/>
</testsuite> <!-- org.test.adactin.Test1 -->
