<?xml version="1.0" encoding="UTF-8"?>
<!-- Generated by org.testng.reporters.JUnitReportReporter -->
<testsuite skipped="0" hostname="SADIST" name="org.test.adactin.Test3" tests="1" failures="0" timestamp="14 Mar 2021 06:35:29 GMT" time="0.003" errors="0">
  <testcase name="tc333" time="0.003" classname="org.test.adactin.Test3"/>
</testsuite> <!-- org.test.adactin.Test3 -->
